[23594:23594:1216/063919.340550:WARNING:password_store_factory.cc(261)] Using basic (unencrypted) store for password storage. See https://chromium.googlesource.com/chromium/src/+/master/docs/linux_password_storage.md for more information about password storage options.
[23594:23594:1216/063919.419208:ERROR:x11_input_method_context_impl_gtk.cc(144)] Not implemented reached in virtual void libgtkui::X11InputMethodContextImplGtk::SetSurroundingText(const base::string16 &, const gfx::Range &)
[23594:23594:1216/063919.854946:WARNING:CONSOLE(0)] "HTML Imports is deprecated and will be removed in M73, around March 2019. Please use ES modules instead. See https://www.chromestatus.com/features/5144752345317376 for more details.", source:  (0)
[23594:23594:1216/063919.866379:WARNING:CONSOLE(77)] "document.registerElement is deprecated and will be removed in M73, around March 2019. Please use window.customElements.define instead. See https://www.chromestatus.com/features/4642138092470272 for more details.", source: https://ssl.gstatic.com/chrome/components/doodle-notifier-02.html (77)
[23594:23594:1216/063920.205906:ERROR:CONSOLE(277)] "Failed to execute 'postMessage' on 'DOMWindow': The target origin provided ('http://www.nick.com') does not match the recipient window's origin ('https://www.google.com').", source: chrome-search://most-visited/single.js (277)
[23594:23594:1216/063921.690010:INFO:CONSOLE(544)] "Failed to execute 'write' on 'Document': It isn't possible to write into a document from an asynchronously-loaded external script unless it is explicitly opened.", source: http://btg.mtvnservices.com/aria/coda.html?site=nick.com&v=3.21 (544)
[23594:23594:1216/063921.947867:INFO:CONSOLE(26)] "The Web Audio autoplay policy will be re-enabled in Chrome 71 (December 2018). Please check that your website is compatible with it. https://goo.gl/7K7WLu", source: http://www.nick.com/static-assets/v3-5.17.0/jukebox-17e6bd2ba272fa71bfa7.js (26)
[23594:23594:1216/063922.307230:INFO:CONSOLE(270)] "Megabeacon : Reporting and Megabeacon must both be enabled in the config for post requests to proceed.", source: http://btg.mtvnservices.com/aria/coda.html?site=nick.com&v=3.21 (270)
[23594:23594:1216/063924.453559:INFO:CONSOLE(4)] "JQMIGRATE: Migrate is installed, version 1.4.1", source: https://sp.auth.adobe.com/entitlement/lib/AccessEnablerHelper.js (4)
[23594:23594:1216/063924.567098:INFO:CONSOLE(3)] "Synchronous XMLHttpRequest on the main thread is deprecated because of its detrimental effects to the end user's experience. For more help, check https://xhr.spec.whatwg.org/.", source: https://sp.auth.adobe.com/entitlement/lib/AccessEnablerHelper.js (3)
[23594:23594:1216/063935.196562:WARNING:zygote_communication_linux.cc(285)] Error reading message from zygote: 0
[23594:23594:1216/063935.204994:ERROR:zygote_communication_linux.cc(275)] Failed to send GetTerminationStatus message to zygote
[23594:23594:1216/063935.205115:WARNING:zygote_communication_linux.cc(287)] Socket closed prematurely.
[23594:23953:1216/063935.213952:WARNING:audio_sync_reader.cc(187)] ASR: No room in socket buffer.: Broken pipe (32)
[23594:23594:1216/063935.230515:ERROR:zygote_communication_linux.cc(275)] Failed to send GetTerminationStatus message to zygote
[23594:23594:1216/063935.230627:WARNING:zygote_communication_linux.cc(287)] Socket closed prematurely.
[23594:23594:1216/063935.244788:ERROR:zygote_communication_linux.cc(275)] Failed to send GetTerminationStatus message to zygote
[23594:23594:1216/063935.244865:WARNING:zygote_communication_linux.cc(287)] Socket closed prematurely.
[23594:23594:1216/063935.255154:ERROR:zygote_communication_linux.cc(275)] Failed to send GetTerminationStatus message to zygote
[23594:23594:1216/063935.255220:WARNING:zygote_communication_linux.cc(287)] Socket closed prematurely.
[23594:23594:1216/063935.812353:WARNING:pref_notifier_impl.cc(23)] Pref observer found at shutdown.
[23594:23594:1216/063935.812400:WARNING:pref_notifier_impl.cc(23)] Pref observer found at shutdown.
